

Started GET "/" for 127.0.0.1 at 2015-07-27 20:12:28 +0900
Processing by Rails::WelcomeController#index as HTML
  Rendered /home/yukpiz/.rbenv/versions/2.2.2/lib/ruby/gems/2.2.0/gems/railties-4.2.1/lib/rails/templates/rails/welcome/index.html.erb (2.1ms)
Completed 200 OK in 51ms (Views: 32.4ms | ActiveRecord: 0.0ms)


Started GET "/" for 127.0.0.1 at 2015-07-27 20:16:34 +0900
Processing by Rails::WelcomeController#index as HTML
  Rendered /home/yukpiz/.rbenv/versions/2.2.2/lib/ruby/gems/2.2.0/gems/railties-4.2.1/lib/rails/templates/rails/welcome/index.html.erb (8.2ms)
Completed 200 OK in 90ms (Views: 42.5ms | ActiveRecord: 0.0ms)


Started GET "/mainpage" for 127.0.0.1 at 2015-07-27 20:19:26 +0900

ActionController::RoutingError (No route matches [GET] "/mainpage"):
  actionpack (4.2.1) lib/action_dispatch/middleware/debug_exceptions.rb:21:in `call'
  web-console (2.2.1) lib/web_console/middleware.rb:39:in `call'
  actionpack (4.2.1) lib/action_dispatch/middleware/show_exceptions.rb:30:in `call'
  railties (4.2.1) lib/rails/rack/logger.rb:38:in `call_app'
  railties (4.2.1) lib/rails/rack/logger.rb:20:in `block in call'
  activesupport (4.2.1) lib/active_support/tagged_logging.rb:68:in `block in tagged'
  activesupport (4.2.1) lib/active_support/tagged_logging.rb:26:in `tagged'
  activesupport (4.2.1) lib/active_support/tagged_logging.rb:68:in `tagged'
  railties (4.2.1) lib/rails/rack/logger.rb:20:in `call'
  actionpack (4.2.1) lib/action_dispatch/middleware/request_id.rb:21:in `call'
  rack (1.6.4) lib/rack/methodoverride.rb:22:in `call'
  rack (1.6.4) lib/rack/runtime.rb:18:in `call'
  activesupport (4.2.1) lib/active_support/cache/strategy/local_cache_middleware.rb:28:in `call'
  rack (1.6.4) lib/rack/lock.rb:17:in `call'
  actionpack (4.2.1) lib/action_dispatch/middleware/static.rb:113:in `call'
  rack (1.6.4) lib/rack/sendfile.rb:113:in `call'
  railties (4.2.1) lib/rails/engine.rb:518:in `call'
  railties (4.2.1) lib/rails/application.rb:164:in `call'
  rack (1.6.4) lib/rack/lock.rb:17:in `call'
  rack (1.6.4) lib/rack/content_length.rb:15:in `call'
  rack (1.6.4) lib/rack/handler/webrick.rb:88:in `service'
  /home/yukpiz/.rbenv/versions/2.2.2/lib/ruby/2.2.0/webrick/httpserver.rb:138:in `service'
  /home/yukpiz/.rbenv/versions/2.2.2/lib/ruby/2.2.0/webrick/httpserver.rb:94:in `run'
  /home/yukpiz/.rbenv/versions/2.2.2/lib/ruby/2.2.0/webrick/server.rb:294:in `block in start_thread'


  Rendered /home/yukpiz/.rbenv/versions/2.2.2/lib/ruby/gems/2.2.0/gems/actionpack-4.2.1/lib/action_dispatch/middleware/templates/rescues/_trace.html.erb (3.0ms)
  Rendered /home/yukpiz/.rbenv/versions/2.2.2/lib/ruby/gems/2.2.0/gems/actionpack-4.2.1/lib/action_dispatch/middleware/templates/routes/_route.html.erb (1.1ms)
  Rendered /home/yukpiz/.rbenv/versions/2.2.2/lib/ruby/gems/2.2.0/gems/actionpack-4.2.1/lib/action_dispatch/middleware/templates/routes/_table.html.erb (16.1ms)
  Rendered /home/yukpiz/.rbenv/versions/2.2.2/lib/ruby/gems/2.2.0/gems/actionpack-4.2.1/lib/action_dispatch/middleware/templates/rescues/_request_and_response.html.erb (1.4ms)
  Rendered /home/yukpiz/.rbenv/versions/2.2.2/lib/ruby/gems/2.2.0/gems/actionpack-4.2.1/lib/action_dispatch/middleware/templates/rescues/routing_error.html.erb within rescues/layout (64.0ms)
  Rendered /home/yukpiz/.rbenv/versions/2.2.2/lib/ruby/gems/2.2.0/gems/web-console-2.2.1/lib/web_console/templates/_markup.html.erb (0.4ms)
  Rendered /home/yukpiz/.rbenv/versions/2.2.2/lib/ruby/gems/2.2.0/gems/web-console-2.2.1/lib/web_console/templates/_inner_console_markup.html.erb within layouts/inlined_string (5.4ms)
  Rendered /home/yukpiz/.rbenv/versions/2.2.2/lib/ruby/gems/2.2.0/gems/web-console-2.2.1/lib/web_console/templates/_prompt_box_markup.html.erb within layouts/inlined_string (1.7ms)
  Rendered /home/yukpiz/.rbenv/versions/2.2.2/lib/ruby/gems/2.2.0/gems/web-console-2.2.1/lib/web_console/templates/style.css.erb within layouts/inlined_string (0.4ms)
  Rendered /home/yukpiz/.rbenv/versions/2.2.2/lib/ruby/gems/2.2.0/gems/web-console-2.2.1/lib/web_console/templates/console.js.erb within layouts/javascript (29.7ms)
  Rendered /home/yukpiz/.rbenv/versions/2.2.2/lib/ruby/gems/2.2.0/gems/web-console-2.2.1/lib/web_console/templates/main.js.erb within layouts/javascript (0.2ms)
  Rendered /home/yukpiz/.rbenv/versions/2.2.2/lib/ruby/gems/2.2.0/gems/web-console-2.2.1/lib/web_console/templates/error_page.js.erb within layouts/javascript (8.4ms)
  Rendered /home/yukpiz/.rbenv/versions/2.2.2/lib/ruby/gems/2.2.0/gems/web-console-2.2.1/lib/web_console/templates/index.html.erb (56.8ms)


Started GET "/main_page/main" for 127.0.0.1 at 2015-07-27 20:19:49 +0900
Processing by MainPageController#main as HTML
  Rendered main_page/main.html.erb within layouts/application (0.4ms)
Completed 200 OK in 1332ms (Views: 1327.5ms | ActiveRecord: 0.0ms)


Started GET "/assets/main_page.self-e3b0c44298fc1c149afbf4c8996fb92427ae41e4649b934ca495991b7852b855.css?body=1" for 127.0.0.1 at 2015-07-27 20:19:51 +0900


Started GET "/assets/jquery.self-d03a5518f45df77341bdbe6201ba3bfa547ebba8ed64f0ea56bfa5f96ea7c074.js?body=1" for 127.0.0.1 at 2015-07-27 20:19:51 +0900


Started GET "/assets/main_page.self-877aef30ae1b040ab8a3aba4e3e309a11d7f2612f44dde450b5c157aa5f95c05.js?body=1" for 127.0.0.1 at 2015-07-27 20:19:51 +0900


Started GET "/assets/jquery_ujs.self-ca5248a2fad13d6bd58ea121318d642f195f0b2dd818b30615f785ff365e8d1f.js?body=1" for 127.0.0.1 at 2015-07-27 20:19:51 +0900


Started GET "/assets/application.self-e80e8f2318043e8af94dddc2adad5a4f09739a8ebb323b3ab31cd71d45fd9113.css?body=1" for 127.0.0.1 at 2015-07-27 20:19:51 +0900


Started GET "/assets/turbolinks.self-c37727e9bd6b2735da5c311aa83fead54ed0be6cc8bd9a65309e9c5abe2cbfff.js?body=1" for 127.0.0.1 at 2015-07-27 20:19:51 +0900


Started GET "/assets/application.self-3b8dabdc891efe46b9a144b400ad69e37d7e5876bdc39dee783419a69d7ca819.js?body=1" for 127.0.0.1 at 2015-07-27 20:19:51 +0900


Started GET "/main_page/main" for 127.0.0.1 at 2015-07-27 20:22:58 +0900
DEPRECATION WARNING: Defining a route where `to` is a controller without an action is deprecated. Please change `to: :main_page/main` to `controller: :main_page/main`. (called from block in <top (required)> at /home/yukpiz/labo/repos/private/gist-blog.git/config/routes.rb:9)

ArgumentError (Missing :action key on routes definition, please check your routes.):
  config/routes.rb:9:in `block in <top (required)>'
  config/routes.rb:1:in `<top (required)>'


  Rendered /home/yukpiz/.rbenv/versions/2.2.2/lib/ruby/gems/2.2.0/gems/actionpack-4.2.1/lib/action_dispatch/middleware/templates/rescues/_source.erb (11.2ms)
  Rendered /home/yukpiz/.rbenv/versions/2.2.2/lib/ruby/gems/2.2.0/gems/actionpack-4.2.1/lib/action_dispatch/middleware/templates/rescues/_trace.html.erb (2.9ms)
  Rendered /home/yukpiz/.rbenv/versions/2.2.2/lib/ruby/gems/2.2.0/gems/actionpack-4.2.1/lib/action_dispatch/middleware/templates/rescues/_request_and_response.html.erb (5.9ms)
  Rendered /home/yukpiz/.rbenv/versions/2.2.2/lib/ruby/gems/2.2.0/gems/actionpack-4.2.1/lib/action_dispatch/middleware/templates/rescues/diagnostics.html.erb within rescues/layout (133.1ms)
  Rendered /home/yukpiz/.rbenv/versions/2.2.2/lib/ruby/gems/2.2.0/gems/web-console-2.2.1/lib/web_console/templates/_markup.html.erb (1.3ms)
  Rendered /home/yukpiz/.rbenv/versions/2.2.2/lib/ruby/gems/2.2.0/gems/web-console-2.2.1/lib/web_console/templates/_inner_console_markup.html.erb within layouts/inlined_string (0.7ms)
  Rendered /home/yukpiz/.rbenv/versions/2.2.2/lib/ruby/gems/2.2.0/gems/web-console-2.2.1/lib/web_console/templates/_prompt_box_markup.html.erb within layouts/inlined_string (0.8ms)
  Rendered /home/yukpiz/.rbenv/versions/2.2.2/lib/ruby/gems/2.2.0/gems/web-console-2.2.1/lib/web_console/templates/style.css.erb within layouts/inlined_string (9.1ms)
  Rendered /home/yukpiz/.rbenv/versions/2.2.2/lib/ruby/gems/2.2.0/gems/web-console-2.2.1/lib/web_console/templates/console.js.erb within layouts/javascript (118.9ms)
  Rendered /home/yukpiz/.rbenv/versions/2.2.2/lib/ruby/gems/2.2.0/gems/web-console-2.2.1/lib/web_console/templates/main.js.erb within layouts/javascript (0.9ms)
  Rendered /home/yukpiz/.rbenv/versions/2.2.2/lib/ruby/gems/2.2.0/gems/web-console-2.2.1/lib/web_console/templates/error_page.js.erb within layouts/javascript (1.7ms)
  Rendered /home/yukpiz/.rbenv/versions/2.2.2/lib/ruby/gems/2.2.0/gems/web-console-2.2.1/lib/web_console/templates/index.html.erb (292.4ms)


Started GET "/" for 127.0.0.1 at 2015-07-27 20:23:02 +0900

ActionController::RoutingError (No route matches [GET] "/"):
  actionpack (4.2.1) lib/action_dispatch/middleware/debug_exceptions.rb:21:in `call'
  web-console (2.2.1) lib/web_console/middleware.rb:39:in `call'
  actionpack (4.2.1) lib/action_dispatch/middleware/show_exceptions.rb:30:in `call'
  railties (4.2.1) lib/rails/rack/logger.rb:38:in `call_app'
  railties (4.2.1) lib/rails/rack/logger.rb:20:in `block in call'
  activesupport (4.2.1) lib/active_support/tagged_logging.rb:68:in `block in tagged'
  activesupport (4.2.1) lib/active_support/tagged_logging.rb:26:in `tagged'
  activesupport (4.2.1) lib/active_support/tagged_logging.rb:68:in `tagged'
  railties (4.2.1) lib/rails/rack/logger.rb:20:in `call'
  actionpack (4.2.1) lib/action_dispatch/middleware/request_id.rb:21:in `call'
  rack (1.6.4) lib/rack/methodoverride.rb:22:in `call'
  rack (1.6.4) lib/rack/runtime.rb:18:in `call'
  activesupport (4.2.1) lib/active_support/cache/strategy/local_cache_middleware.rb:28:in `call'
  rack (1.6.4) lib/rack/lock.rb:17:in `call'
  actionpack (4.2.1) lib/action_dispatch/middleware/static.rb:113:in `call'
  rack (1.6.4) lib/rack/sendfile.rb:113:in `call'
  railties (4.2.1) lib/rails/engine.rb:518:in `call'
  railties (4.2.1) lib/rails/application.rb:164:in `call'
  rack (1.6.4) lib/rack/lock.rb:17:in `call'
  rack (1.6.4) lib/rack/content_length.rb:15:in `call'
  rack (1.6.4) lib/rack/handler/webrick.rb:88:in `service'
  /home/yukpiz/.rbenv/versions/2.2.2/lib/ruby/2.2.0/webrick/httpserver.rb:138:in `service'
  /home/yukpiz/.rbenv/versions/2.2.2/lib/ruby/2.2.0/webrick/httpserver.rb:94:in `run'
  /home/yukpiz/.rbenv/versions/2.2.2/lib/ruby/2.2.0/webrick/server.rb:294:in `block in start_thread'


  Rendered /home/yukpiz/.rbenv/versions/2.2.2/lib/ruby/gems/2.2.0/gems/actionpack-4.2.1/lib/action_dispatch/middleware/templates/rescues/_trace.html.erb (2.3ms)
  Rendered /home/yukpiz/.rbenv/versions/2.2.2/lib/ruby/gems/2.2.0/gems/actionpack-4.2.1/lib/action_dispatch/middleware/templates/routes/_route.html.erb (6.7ms)
  Rendered /home/yukpiz/.rbenv/versions/2.2.2/lib/ruby/gems/2.2.0/gems/actionpack-4.2.1/lib/action_dispatch/middleware/templates/routes/_table.html.erb (7.0ms)
  Rendered /home/yukpiz/.rbenv/versions/2.2.2/lib/ruby/gems/2.2.0/gems/actionpack-4.2.1/lib/action_dispatch/middleware/templates/rescues/_request_and_response.html.erb (11.3ms)
  Rendered /home/yukpiz/.rbenv/versions/2.2.2/lib/ruby/gems/2.2.0/gems/actionpack-4.2.1/lib/action_dispatch/middleware/templates/rescues/routing_error.html.erb within rescues/layout (165.6ms)
  Rendered /home/yukpiz/.rbenv/versions/2.2.2/lib/ruby/gems/2.2.0/gems/web-console-2.2.1/lib/web_console/templates/_markup.html.erb (0.5ms)
  Rendered /home/yukpiz/.rbenv/versions/2.2.2/lib/ruby/gems/2.2.0/gems/web-console-2.2.1/lib/web_console/templates/_inner_console_markup.html.erb within layouts/inlined_string (1.0ms)
  Rendered /home/yukpiz/.rbenv/versions/2.2.2/lib/ruby/gems/2.2.0/gems/web-console-2.2.1/lib/web_console/templates/_prompt_box_markup.html.erb within layouts/inlined_string (0.7ms)
  Rendered /home/yukpiz/.rbenv/versions/2.2.2/lib/ruby/gems/2.2.0/gems/web-console-2.2.1/lib/web_console/templates/style.css.erb within layouts/inlined_string (1.4ms)
  Rendered /home/yukpiz/.rbenv/versions/2.2.2/lib/ruby/gems/2.2.0/gems/web-console-2.2.1/lib/web_console/templates/console.js.erb within layouts/javascript (114.0ms)
  Rendered /home/yukpiz/.rbenv/versions/2.2.2/lib/ruby/gems/2.2.0/gems/web-console-2.2.1/lib/web_console/templates/main.js.erb within layouts/javascript (2.1ms)
  Rendered /home/yukpiz/.rbenv/versions/2.2.2/lib/ruby/gems/2.2.0/gems/web-console-2.2.1/lib/web_console/templates/error_page.js.erb within layouts/javascript (1.1ms)
  Rendered /home/yukpiz/.rbenv/versions/2.2.2/lib/ruby/gems/2.2.0/gems/web-console-2.2.1/lib/web_console/templates/index.html.erb (275.7ms)


Started GET "/" for 127.0.0.1 at 2015-07-27 20:23:50 +0900
Processing by MainPageController#main as HTML
  Rendered main_page/main.html.erb within layouts/application (3.1ms)
Completed 200 OK in 483ms (Views: 462.3ms | ActiveRecord: 0.0ms)


Started GET "/assets/main_page.self-e3b0c44298fc1c149afbf4c8996fb92427ae41e4649b934ca495991b7852b855.css?body=1" for 127.0.0.1 at 2015-07-27 20:23:52 +0900


Started GET "/assets/jquery.self-d03a5518f45df77341bdbe6201ba3bfa547ebba8ed64f0ea56bfa5f96ea7c074.js?body=1" for 127.0.0.1 at 2015-07-27 20:23:52 +0900


Started GET "/assets/application.self-e80e8f2318043e8af94dddc2adad5a4f09739a8ebb323b3ab31cd71d45fd9113.css?body=1" for 127.0.0.1 at 2015-07-27 20:23:52 +0900


Started GET "/assets/jquery_ujs.self-ca5248a2fad13d6bd58ea121318d642f195f0b2dd818b30615f785ff365e8d1f.js?body=1" for 127.0.0.1 at 2015-07-27 20:23:52 +0900


Started GET "/assets/turbolinks.self-c37727e9bd6b2735da5c311aa83fead54ed0be6cc8bd9a65309e9c5abe2cbfff.js?body=1" for 127.0.0.1 at 2015-07-27 20:23:52 +0900


Started GET "/assets/application.self-3b8dabdc891efe46b9a144b400ad69e37d7e5876bdc39dee783419a69d7ca819.js?body=1" for 127.0.0.1 at 2015-07-27 20:23:52 +0900


Started GET "/assets/main_page.self-877aef30ae1b040ab8a3aba4e3e309a11d7f2612f44dde450b5c157aa5f95c05.js?body=1" for 127.0.0.1 at 2015-07-27 20:23:52 +0900


Started GET "/" for 127.0.0.1 at 2015-07-27 20:25:02 +0900
Processing by MainPageController#main as HTML
  Rendered main_page/main.html.erb within layouts/application (0.3ms)
Completed 200 OK in 69ms (Views: 68.2ms | ActiveRecord: 0.0ms)


Started GET "/assets/main_page.self-e3b0c44298fc1c149afbf4c8996fb92427ae41e4649b934ca495991b7852b855.css?body=1" for 127.0.0.1 at 2015-07-27 20:25:02 +0900


Started GET "/assets/main_page.self-877aef30ae1b040ab8a3aba4e3e309a11d7f2612f44dde450b5c157aa5f95c05.js?body=1" for 127.0.0.1 at 2015-07-27 20:25:02 +0900


Started GET "/assets/turbolinks.self-c37727e9bd6b2735da5c311aa83fead54ed0be6cc8bd9a65309e9c5abe2cbfff.js?body=1" for 127.0.0.1 at 2015-07-27 20:25:02 +0900


Started GET "/assets/jquery_ujs.self-ca5248a2fad13d6bd58ea121318d642f195f0b2dd818b30615f785ff365e8d1f.js?body=1" for 127.0.0.1 at 2015-07-27 20:25:02 +0900


Started GET "/assets/application.self-e80e8f2318043e8af94dddc2adad5a4f09739a8ebb323b3ab31cd71d45fd9113.css?body=1" for 127.0.0.1 at 2015-07-27 20:25:02 +0900


Started GET "/assets/jquery.self-d03a5518f45df77341bdbe6201ba3bfa547ebba8ed64f0ea56bfa5f96ea7c074.js?body=1" for 127.0.0.1 at 2015-07-27 20:25:02 +0900


Started GET "/assets/application.self-3b8dabdc891efe46b9a144b400ad69e37d7e5876bdc39dee783419a69d7ca819.js?body=1" for 127.0.0.1 at 2015-07-27 20:25:02 +0900
